CRITICAL - 2023-02-21 00:13:44 --> Invalid file: "genericos/register.php"
in SYSTEMPATH\Exceptions\FrameworkException.php on line 33.
 1 SYSTEMPATH\View\View.php(201): CodeIgniter\Exceptions\FrameworkException::forInvalidFile('genericos/register.php')
 2 SYSTEMPATH\Common.php(1177): CodeIgniter\View\View->render('genericos/register', [], true)
 3 APPPATH\Controllers\RegisterController.php(11): view('genericos/register')
 4 SYSTEMPATH\CodeIgniter.php(934): App\Controllers\RegisterController->index()
 5 SYSTEMPATH\CodeIgniter.php(499): CodeIgniter\CodeIgniter->runController(Object(App\Controllers\RegisterController))
 6 SYSTEMPATH\CodeIgniter.php(368): CodeIgniter\CodeIgniter->handleRequest(null, Object(Config\Cache), false)
 7 FCPATH\index.php(67): CodeIgniter\CodeIgniter->run()
CRITICAL - 2023-02-21 00:32:12 --> Invalid file: "genericos/carruselInicio.php"
in SYSTEMPATH\Exceptions\FrameworkException.php on line 33.
 1 SYSTEMPATH\View\View.php(201): CodeIgniter\Exceptions\FrameworkException::forInvalidFile('genericos/carruselInicio.php')
 2 SYSTEMPATH\Common.php(1177): CodeIgniter\View\View->render('genericos/carruselInicio', [], true)
 3 APPPATH\Controllers\Inicio.php(11): view('genericos/carruselInicio')
 4 SYSTEMPATH\CodeIgniter.php(934): App\Controllers\Inicio->index()
 5 SYSTEMPATH\CodeIgniter.php(499): CodeIgniter\CodeIgniter->runController(Object(App\Controllers\Inicio))
 6 SYSTEMPATH\CodeIgniter.php(368): CodeIgniter\CodeIgniter->handleRequest(null, Object(Config\Cache), false)
 7 FCPATH\index.php(67): CodeIgniter\CodeIgniter->run()
CRITICAL - 2023-02-21 14:48:49 --> Invalid file: "genericos/carruselInicio.php"
in SYSTEMPATH\Exceptions\FrameworkException.php on line 33.
 1 SYSTEMPATH\View\View.php(201): CodeIgniter\Exceptions\FrameworkException::forInvalidFile('genericos/carruselInicio.php')
 2 SYSTEMPATH\Common.php(1177): CodeIgniter\View\View->render('genericos/carruselInicio', [], true)
 3 APPPATH\Controllers\Inicio.php(11): view('genericos/carruselInicio')
 4 SYSTEMPATH\CodeIgniter.php(934): App\Controllers\Inicio->index()
 5 SYSTEMPATH\CodeIgniter.php(499): CodeIgniter\CodeIgniter->runController(Object(App\Controllers\Inicio))
 6 SYSTEMPATH\CodeIgniter.php(368): CodeIgniter\CodeIgniter->handleRequest(null, Object(Config\Cache), false)
 7 FCPATH\index.php(67): CodeIgniter\CodeIgniter->run()
